<?xml version="1.0" encoding="UTF-8"?>
<!-- Generated by org.testng.reporters.JUnitReportReporter -->
<testsuite hostname="Rakshas-PC" failures="0" tests="5" name="com.acti.testcase.LoginPageTests" time="12.124" errors="0" timestamp="2023-05-01T20:23:41 CDT" skipped="4">
  <testcase classname="com.acti.testcase.LoginPageTests" name="testLoginFunction" time="12.124"/>
  <system-out/>
  <testcase classname="com.acti.testcase.LoginPageTests" name="testLoginInvalidCredentials">
    <skipped/>
  </testcase> <!-- testLoginInvalidCredentials -->
  <system-out/>
  <testcase classname="com.acti.testcase.LoginPageTests" name="testActiImgDisplayed">
    <skipped/>
  </testcase> <!-- testActiImgDisplayed -->
  <system-out/>
  <testcase classname="com.acti.testcase.LoginPageTests" name="testForgotPasswordDisplayed">
    <skipped/>
  </testcase> <!-- testForgotPasswordDisplayed -->
  <system-out/>
  <testcase classname="com.acti.testcase.LoginPageTests" name="testLoginPageTitle">
    <skipped/>
  </testcase> <!-- testLoginPageTitle -->
  <system-out/>
</testsuite> <!-- com.acti.testcase.LoginPageTests -->
