<?xml version="1.0" encoding="UTF-8"?>
<!-- Generated by org.testng.reporters.JUnitReportReporter -->
<testsuite hostname="Rakshas-PC" failures="0" tests="1" name="com.acti.base.DriverScript" time="7.111" errors="0" timestamp="2023-04-27T23:47:43 CDT" skipped="0">
  <testcase classname="com.acti.base.DriverScript" name="initApplication" time="7.111"/>
  <system-out/>
</testsuite> <!-- com.acti.base.DriverScript -->
