<?xml version="1.0" encoding="UTF-8"?>
<!-- Generated by org.testng.reporters.JUnitReportReporter -->
<testsuite hostname="Rakshas-PC" failures="0" tests="5" name="com.acti.testcase.LoginPageTests" time="32.728" errors="0" timestamp="2023-05-01T17:03:01 CDT" skipped="0">
  <testcase classname="com.acti.testcase.LoginPageTests" name="testLoginFunction" time="5.748"/>
  <system-out/>
  <testcase classname="com.acti.testcase.LoginPageTests" name="testForgotPasswordDisplayed" time="7.593"/>
  <system-out/>
  <testcase classname="com.acti.testcase.LoginPageTests" name="testLoginPageTitle" time="5.364"/>
  <system-out/>
  <testcase classname="com.acti.testcase.LoginPageTests" name="testActiImgDisplayed" time="5.441"/>
  <system-out/>
  <testcase classname="com.acti.testcase.LoginPageTests" name="testLoginInvalidCredentials" time="8.582"/>
  <system-out/>
</testsuite> <!-- com.acti.testcase.LoginPageTests -->
